Copyright 1986-2019 Xilinx, Inc. All Rights Reserved.
------------------------------------------------------------------------------------
| Tool Version : Vivado v.2019.1 (win64) Build 2552052 Fri May 24 14:49:42 MDT 2019
| Date         : Thu Feb 10 19:33:43 2022
| Host         : fraczpa-Desktop running 64-bit major release  (build 9200)
| Command      : report_timing_summary -file Top_timing_summary_routed.rpt
| Design       : Top
| Device       : 7a100t-csg324
| Speed File   : -1  PRODUCTION 1.23 2018-06-13
------------------------------------------------------------------------------------

Timing Summary Report

------------------------------------------------------------------------------------------------
| Timer Settings
| --------------
------------------------------------------------------------------------------------------------

  Enable Multi Corner Analysis               :  Yes
  Enable Pessimism Removal                   :  Yes
  Pessimism Removal Resolution               :  Nearest Common Node
  Enable Input Delay Default Clock           :  No
  Enable Preset / Clear Arcs                 :  No
  Disable Flight Delays                      :  No
  Ignore I/O Paths                           :  No
  Timing Early Launch at Borrowing Latches   :  No
  Borrow Time for Max Delay Exceptions       :  Yes

  Corner  Analyze    Analyze    
  Name    Max Paths  Min Paths  
  ------  ---------  ---------  
  Slow    Yes        Yes        
  Fast    Yes        Yes        



check_timing report

Table of Contents
-----------------
1. checking no_clock
2. checking constant_clock
3. checking pulse_width_clock
4. checking unconstrained_internal_endpoints
5. checking no_input_delay
6. checking no_output_delay
7. checking multiple_clock
8. checking generated_clocks
9. checking loops
10. checking partial_input_delay
11. checking partial_output_delay
12. checking latch_loops

1. checking no_clock
--------------------
 There are 0 register/latch pins with no clock.


2. checking constant_clock
--------------------------
 There are 0 register/latch pins with constant_clock.


3. checking pulse_width_clock
-----------------------------
 There are 0 register/latch pins which need pulse_width check


4. checking unconstrained_internal_endpoints
--------------------------------------------
 There are 0 pins that are not constrained for maximum delay.

 There are 0 pins that are not constrained for maximum delay due to constant clock.


5. checking no_input_delay
--------------------------
 There are 3 input ports with no input delay specified. (HIGH)

 There are 0 input ports with no input delay but user has a false path constraint.


6. checking no_output_delay
---------------------------
 There are 11 ports with no output delay specified. (HIGH)

 There are 0 ports with no output delay but user has a false path constraint

 There are 0 ports with no output delay but with a timing clock defined on it or propagating through it


7. checking multiple_clock
--------------------------
 There are 0 register/latch pins with multiple clocks.


8. checking generated_clocks
----------------------------
 There are 0 generated clocks that are not connected to a clock source.


9. checking loops
-----------------
 There are 0 combinational loops in the design.


10. checking partial_input_delay
--------------------------------
 There are 0 input ports with partial input delay specified.


11. checking partial_output_delay
---------------------------------
 There are 0 ports with partial output delay specified.


12. checking latch_loops
------------------------
 There are 0 combinational latch loops in the design through latch input



------------------------------------------------------------------------------------------------
| Design Timing Summary
| ---------------------
------------------------------------------------------------------------------------------------

    WNS(ns)      TNS(ns)  TNS Failing Endpoints  TNS Total Endpoints      WHS(ns)      THS(ns)  THS Failing Endpoints  THS Total Endpoints     WPWS(ns)     TPWS(ns)  TPWS Failing Endpoints  TPWS Total Endpoints  
    -------      -------  ---------------------  -------------------      -------      -------  ---------------------  -------------------     --------     --------  ----------------------  --------------------  
      4.661        0.000                      0                  187        0.168        0.000                      0                  187        4.500        0.000                       0                   122  


All user specified timing constraints are met.


------------------------------------------------------------------------------------------------
| Clock Summary
| -------------
------------------------------------------------------------------------------------------------

Clock        Waveform(ns)       Period(ns)      Frequency(MHz)
-----        ------------       ----------      --------------
sys_clk_pin  {0.000 5.000}      10.000          100.000         


------------------------------------------------------------------------------------------------
| Intra Clock Table
| -----------------
------------------------------------------------------------------------------------------------

Clock             WNS(ns)      TNS(ns)  TNS Failing Endpoints  TNS Total Endpoints      WHS(ns)      THS(ns)  THS Failing Endpoints  THS Total Endpoints     WPWS(ns)     TPWS(ns)  TPWS Failing Endpoints  TPWS Total Endpoints  
-----             -------      -------  ---------------------  -------------------      -------      -------  ---------------------  -------------------     --------     --------  ----------------------  --------------------  
sys_clk_pin         4.661        0.000                      0                  187        0.168        0.000                      0                  187        4.500        0.000                       0                   122  


------------------------------------------------------------------------------------------------
| Inter Clock Table
| -----------------
------------------------------------------------------------------------------------------------

From Clock    To Clock          WNS(ns)      TNS(ns)  TNS Failing Endpoints  TNS Total Endpoints      WHS(ns)      THS(ns)  THS Failing Endpoints  THS Total Endpoints  
----------    --------          -------      -------  ---------------------  -------------------      -------      -------  ---------------------  -------------------  


------------------------------------------------------------------------------------------------
| Other Path Groups Table
| -----------------------
------------------------------------------------------------------------------------------------

Path Group    From Clock    To Clock          WNS(ns)      TNS(ns)  TNS Failing Endpoints  TNS Total Endpoints      WHS(ns)      THS(ns)  THS Failing Endpoints  THS Total Endpoints  
----------    ----------    --------          -------      -------  ---------------------  -------------------      -------      -------  ---------------------  -------------------  


------------------------------------------------------------------------------------------------
| Timing Details
| --------------
------------------------------------------------------------------------------------------------


---------------------------------------------------------------------------------------------------
From Clock:  sys_clk_pin
  To Clock:  sys_clk_pin

Setup :            0  Failing Endpoints,  Worst Slack        4.661ns,  Total Violation        0.000ns
Hold  :            0  Failing Endpoints,  Worst Slack        0.168ns,  Total Violation        0.000ns
PW    :            0  Failing Endpoints,  Worst Slack        4.500ns,  Total Violation        0.000ns
---------------------------------------------------------------------------------------------------


Max Delay Paths
--------------------------------------------------------------------------------------
Slack (MET) :             4.661ns  (required time - arrival time)
  Source:                 U10/DIVIDER_reg[7]/C
                            (rising edge-triggered cell FDCE clocked by sys_clk_pin  {rise@0.000ns fall@5.000ns period=10.000ns})
  Destination:            U10/DIVIDER_reg[25]/D
                            (rising edge-triggered cell FDCE clocked by sys_clk_pin  {rise@0.000ns fall@5.000ns period=10.000ns})
  Path Group:             sys_clk_pin
  Path Type:              Setup (Max at Slow Process Corner)
  Requirement:            10.000ns  (sys_clk_pin rise@10.000ns - sys_clk_pin rise@0.000ns)
  Data Path Delay:        5.389ns  (logic 2.576ns (47.798%)  route 2.813ns (52.202%))
  Logic Levels:           10  (CARRY4=7 LUT4=1 LUT5=1 LUT6=1)
  Clock Path Skew:        -0.023ns (DCD - SCD + CPR)
    Destination Clock Delay (DCD):    5.028ns = ( 15.028 - 10.000 ) 
    Source Clock Delay      (SCD):    5.326ns
    Clock Pessimism Removal (CPR):    0.275ns
  Clock Uncertainty:      0.035ns  ((TSJ^2 + TIJ^2)^1/2 + DJ) / 2 + PE
    Total System Jitter     (TSJ):    0.071ns
    Total Input Jitter      (TIJ):    0.000ns
    Discrete Jitter          (DJ):    0.000ns
    Phase Error              (PE):    0.000ns

    Location             Delay type                Incr(ns)  Path(ns)    Netlist Resource(s)
  -------------------------------------------------------------------    -------------------
                         (clock sys_clk_pin rise edge)
                                                      0.000     0.000 r  
    E3                                                0.000     0.000 r  CLK (IN)
                         net (fo=0)                   0.000     0.000    CLK
    E3                   IBUF (Prop_ibuf_I_O)         1.482     1.482 r  CLK_IBUF_inst/O
                         net (fo=1, routed)           2.025     3.506    CLK_IBUF
    BUFGCTRL_X0Y16       BUFG (Prop_bufg_I_O)         0.096     3.602 r  CLK_IBUF_BUFG_inst/O
                         net (fo=121, routed)         1.723     5.326    U10/CLK
    SLICE_X2Y89          FDCE                                         r  U10/DIVIDER_reg[7]/C
  -------------------------------------------------------------------    -------------------
    SLICE_X2Y89          FDCE (Prop_fdce_C_Q)         0.518     5.844 f  U10/DIVIDER_reg[7]/Q
                         net (fo=2, routed)           0.964     6.807    U10/DIVIDER_reg[7]
    SLICE_X3Y92          LUT4 (Prop_lut4_I2_O)        0.124     6.931 r  U10/time_ad[31]_i_13/O
                         net (fo=2, routed)           0.445     7.376    U10/time_ad[31]_i_13_n_0
    SLICE_X3Y92          LUT5 (Prop_lut5_I4_O)        0.150     7.526 r  U10/DIVIDER[0]_i_6/O
                         net (fo=2, routed)           0.760     8.286    U10/DIVIDER[0]_i_6_n_0
    SLICE_X4Y90          LUT6 (Prop_lut6_I5_O)        0.326     8.612 r  U10/DIVIDER[0]_i_2__0/O
                         net (fo=1, routed)           0.645     9.257    U10/DIVIDER[0]_i_2__0_n_0
    SLICE_X2Y88          CARRY4 (Prop_carry4_DI[0]_CO[3])
                                                      0.550     9.807 r  U10/DIVIDER_reg[0]_i_1__0/CO[3]
                         net (fo=1, routed)           0.000     9.807    U10/DIVIDER_reg[0]_i_1__0_n_0
    SLICE_X2Y89          CARRY4 (Prop_carry4_CI_CO[3])
                                                      0.117     9.924 r  U10/DIVIDER_reg[4]_i_1__0/CO[3]
                         net (fo=1, routed)           0.000     9.924    U10/DIVIDER_reg[4]_i_1__0_n_0
    SLICE_X2Y90          CARRY4 (Prop_carry4_CI_CO[3])
                                                      0.117    10.041 r  U10/DIVIDER_reg[8]_i_1__0/CO[3]
                         net (fo=1, routed)           0.000    10.041    U10/DIVIDER_reg[8]_i_1__0_n_0
    SLICE_X2Y91          CARRY4 (Prop_carry4_CI_CO[3])
                                                      0.117    10.158 r  U10/DIVIDER_reg[12]_i_1__0/CO[3]
                         net (fo=1, routed)           0.000    10.158    U10/DIVIDER_reg[12]_i_1__0_n_0
    SLICE_X2Y92          CARRY4 (Prop_carry4_CI_CO[3])
                                                      0.117    10.275 r  U10/DIVIDER_reg[16]_i_1__0/CO[3]
                         net (fo=1, routed)           0.000    10.275    U10/DIVIDER_reg[16]_i_1__0_n_0
    SLICE_X2Y93          CARRY4 (Prop_carry4_CI_CO[3])
                                                      0.117    10.392 r  U10/DIVIDER_reg[20]_i_1__0/CO[3]
                         net (fo=1, routed)           0.000    10.392    U10/DIVIDER_reg[20]_i_1__0_n_0
    SLICE_X2Y94          CARRY4 (Prop_carry4_CI_O[1])
                                                      0.323    10.715 r  U10/DIVIDER_reg[24]_i_1__0/O[1]
                         net (fo=1, routed)           0.000    10.715    U10/DIVIDER_reg[24]_i_1__0_n_6
    SLICE_X2Y94          FDCE                                         r  U10/DIVIDER_reg[25]/D
  -------------------------------------------------------------------    -------------------

                         (clock sys_clk_pin rise edge)
                                                     10.000    10.000 r  
    E3                                                0.000    10.000 r  CLK (IN)
                         net (fo=0)                   0.000    10.000    CLK
    E3                   IBUF (Prop_ibuf_I_O)         1.411    11.411 r  CLK_IBUF_inst/O
                         net (fo=1, routed)           1.920    13.331    CLK_IBUF
    BUFGCTRL_X0Y16       BUFG (Prop_bufg_I_O)         0.091    13.422 r  CLK_IBUF_BUFG_inst/O
                         net (fo=121, routed)         1.605    15.028    U10/CLK
    SLICE_X2Y94          FDCE                                         r  U10/DIVIDER_reg[25]/C
                         clock pessimism              0.275    15.303    
                         clock uncertainty           -0.035    15.267    
    SLICE_X2Y94          FDCE (Setup_fdce_C_D)        0.109    15.376    U10/DIVIDER_reg[25]
  -------------------------------------------------------------------
                         required time                         15.376    
                         arrival time                         -10.715    
  -------------------------------------------------------------------
                         slack                                  4.661    





Min Delay Paths
--------------------------------------------------------------------------------------
Slack (MET) :             0.168ns  (arrival time - required time)
  Source:                 U8/freq_reg[8]/C
                            (rising edge-triggered cell FDCE clocked by sys_clk_pin  {rise@0.000ns fall@5.000ns period=10.000ns})
  Destination:            U8/bity_wyj_reg[8]/D
                            (rising edge-triggered cell FDCE clocked by sys_clk_pin  {rise@0.000ns fall@5.000ns period=10.000ns})
  Path Group:             sys_clk_pin
  Path Type:              Hold (Min at Fast Process Corner)
  Requirement:            0.000ns  (sys_clk_pin rise@0.000ns - sys_clk_pin rise@0.000ns)
  Data Path Delay:        0.255ns  (logic 0.141ns (55.193%)  route 0.114ns (44.807%))
  Logic Levels:           0  
  Clock Path Skew:        0.040ns (DCD - SCD - CPR)
    Destination Clock Delay (DCD):    2.040ns
    Source Clock Delay      (SCD):    1.520ns
    Clock Pessimism Removal (CPR):    0.479ns

    Location             Delay type                Incr(ns)  Path(ns)    Netlist Resource(s)
  -------------------------------------------------------------------    -------------------
                         (clock sys_clk_pin rise edge)
                                                      0.000     0.000 r  
    E3                                                0.000     0.000 r  CLK (IN)
                         net (fo=0)                   0.000     0.000    CLK
    E3                   IBUF (Prop_ibuf_I_O)         0.250     0.250 r  CLK_IBUF_inst/O
                         net (fo=1, routed)           0.644     0.894    CLK_IBUF
    BUFGCTRL_X0Y16       BUFG (Prop_bufg_I_O)         0.026     0.920 r  CLK_IBUF_BUFG_inst/O
                         net (fo=121, routed)         0.601     1.520    U8/CLK
    SLICE_X4Y88          FDCE                                         r  U8/freq_reg[8]/C
  -------------------------------------------------------------------    -------------------
    SLICE_X4Y88          FDCE (Prop_fdce_C_Q)         0.141     1.661 r  U8/freq_reg[8]/Q
                         net (fo=2, routed)           0.114     1.776    U8/freq[8]
    SLICE_X3Y88          FDCE                                         r  U8/bity_wyj_reg[8]/D
  -------------------------------------------------------------------    -------------------

                         (clock sys_clk_pin rise edge)
                                                      0.000     0.000 r  
    E3                                                0.000     0.000 r  CLK (IN)
                         net (fo=0)                   0.000     0.000    CLK
    E3                   IBUF (Prop_ibuf_I_O)         0.438     0.438 r  CLK_IBUF_inst/O
                         net (fo=1, routed)           0.699     1.136    CLK_IBUF
    BUFGCTRL_X0Y16       BUFG (Prop_bufg_I_O)         0.029     1.165 r  CLK_IBUF_BUFG_inst/O
                         net (fo=121, routed)         0.875     2.040    U8/CLK
    SLICE_X3Y88          FDCE                                         r  U8/bity_wyj_reg[8]/C
                         clock pessimism             -0.479     1.560    
    SLICE_X3Y88          FDCE (Hold_fdce_C_D)         0.047     1.607    U8/bity_wyj_reg[8]
  -------------------------------------------------------------------
                         required time                         -1.607    
                         arrival time                           1.776    
  -------------------------------------------------------------------
                         slack                                  0.168    





Pulse Width Checks
--------------------------------------------------------------------------------------
Clock Name:         sys_clk_pin
Waveform(ns):       { 0.000 5.000 }
Period(ns):         10.000
Sources:            { CLK }

Check Type        Corner  Lib Pin  Reference Pin  Required(ns)  Actual(ns)  Slack(ns)  Location        Pin
Min Period        n/a     BUFG/I   n/a            2.155         10.000      7.845      BUFGCTRL_X0Y16  CLK_IBUF_BUFG_inst/I
Low Pulse Width   Slow    FDCE/C   n/a            0.500         5.000       4.500      SLICE_X1Y89     U1/DIVIDER_reg[25]/C
High Pulse Width  Slow    FDCE/C   n/a            0.500         5.000       4.500      SLICE_X1Y83     U1/DIVIDER_reg[0]/C



